  main.c
main.c(127): warning C4244: '=': conversion from 'int' to 'float', possible loss of data
main.c(128): warning C4244: '=': conversion from 'int' to 'float', possible loss of data
main.c(129): warning C4244: 'function': conversion from 'float' to 'int', possible loss of data
main.c(132): warning C4244: '=': conversion from 'int' to 'float', possible loss of data
main.c(133): warning C4244: '=': conversion from 'int' to 'float', possible loss of data
main.c(137): warning C4244: '=': conversion from 'int' to 'float', possible loss of data
main.c(138): warning C4244: '=': conversion from 'int' to 'float', possible loss of data
main.c(144): warning C4244: 'function': conversion from 'float' to 'int', possible loss of data
main.c(144): warning C4244: 'function': conversion from 'double' to 'int', possible loss of data
main.c(151): warning C4244: '=': conversion from 'int' to 'float', possible loss of data
main.c(152): warning C4244: '=': conversion from 'int' to 'float', possible loss of data
main.c(157): warning C4244: '=': conversion from 'int' to 'float', possible loss of data
main.c(158): warning C4244: '=': conversion from 'int' to 'float', possible loss of data
main.c(162): warning C4244: 'function': conversion from 'double' to 'int', possible loss of data
main.c(162): warning C4244: 'function': conversion from 'float' to 'int', possible loss of data
  Generating code
  3 of 5 functions (60.0%) were compiled, the rest were copied from previous compilation.
    0 functions were new in current compilation
    1 functions had inline decision re-evaluated but remain unchanged
  Finished generating code
  RysujLinnie.vcxproj -> C:\Users\Lenovo\Desktop\RysujLinnie\Release\RysujLinnie.exe
  RysujLinnie.vcxproj -> C:\Users\Lenovo\Desktop\RysujLinnie\Release\RysujLinnie.pdb (Full PDB)
